<?xml version="1.0" encoding="UTF-8"?>
<testsuite name="com.example.demo.MathServiceTest" tests="5" skipped="0" failures="0" errors="0" timestamp="2025-03-30T10:27:40" hostname="marmoush" time="0.861">
  <properties/>
  <testcase name="testMultiplication()" classname="com.example.demo.MathServiceTest" time="0.842"/>
  <testcase name="testAddition()" classname="com.example.demo.MathServiceTest" time="0.005"/>
  <testcase name="testDivisionByZero()" classname="com.example.demo.MathServiceTest" time="0.004"/>
  <testcase name="testDivision()" classname="com.example.demo.MathServiceTest" time="0.002"/>
  <testcase name="testSubtraction()" classname="com.example.demo.MathServiceTest" time="0.003"/>
  <system-out><![CDATA[12:27:38.550 [Test worker] INFO org.springframework.test.context.support.AnnotationConfigContextLoaderUtils -- Could not detect default configuration classes for test class [com.example.demo.MathServiceTest]: MathServiceTest does not declare any static, non-private, non-final, nested classes annotated with @Configuration.
12:27:38.675 [Test worker] INFO org.springframework.boot.test.context.SpringBootTestContextBootstrapper -- Found @SpringBootConfiguration com.example.demo.DemoApplication for test class com.example.demo.MathServiceTest

  .   ____          _            __ _ _
 /\\ / ___'_ __ _ _(_)_ __  __ _ \ \ \ \
( ( )\___ | '_ | '_| | '_ \/ _` | \ \ \ \
 \\/  ___)| |_)| | | | | || (_| |  ) ) ) )
  '  |____| .__|_| |_|_| |_\__, | / / / /
 =========|_|==============|___/=/_/_/_/
 :: Spring Boot ::                (v3.2.0)

2025-03-30T12:27:39.162+02:00  INFO 618481 --- [    Test worker] com.example.demo.MathServiceTest         : Starting MathServiceTest using Java 21.0.6 with PID 618481 (started by amir-mamdouh in /home/amir-mamdouh/Desktop/ivolve_tasks/graduation_project/FinalProjectCode/web-app)
2025-03-30T12:27:39.163+02:00  INFO 618481 --- [    Test worker] com.example.demo.MathServiceTest         : No active profile set, falling back to 1 default profile: "default"
2025-03-30T12:27:40.086+02:00  INFO 618481 --- [    Test worker] o.s.b.a.w.s.WelcomePageHandlerMapping    : Adding welcome page template: index
2025-03-30T12:27:40.343+02:00  INFO 618481 --- [    Test worker] com.example.demo.MathServiceTest         : Started MathServiceTest in 1.495 seconds (process running for 2.626)
]]></system-out>
  <system-err><![CDATA[WARNING: A Java agent has been loaded dynamically (/home/amir-mamdouh/.gradle/caches/modules-2/files-2.1/net.bytebuddy/byte-buddy-agent/1.14.10/90ed94ac044ea8953b224304c762316e91fd6b31/byte-buddy-agent-1.14.10.jar)
WARNING: If a serviceability tool is in use, please run with -XX:+EnableDynamicAgentLoading to hide this warning
WARNING: If a serviceability tool is not in use, please run with -Djdk.instrument.traceUsage for more information
WARNING: Dynamic loading of agents will be disallowed by default in a future release
]]></system-err>
</testsuite>
